  game.cpp
d:\microsoft visual studio\projects\papersky\papersky\src\header\Collision_box.h(73): warning C4018: '<': signed/unsigned mismatch
d:\microsoft visual studio\projects\papersky\papersky\src\header\Collision_box.h(87): warning C4018: '<': signed/unsigned mismatch
d:\microsoft visual studio\projects\papersky\papersky\src\header\FileManager\TextFileData.h(88): warning C4018: '<': signed/unsigned mismatch
d:\microsoft visual studio\projects\papersky\papersky\src\header\map\TileMap.h(52): warning C4244: 'argument': conversion from 'float' to 'int', possible loss of data
d:\microsoft visual studio\projects\papersky\papersky\src\header\Entity\Prop.hpp(62): warning C4018: '<': signed/unsigned mismatch
d:\microsoft visual studio\projects\papersky\papersky\src\header\Entity\Prop.hpp(66): warning C4018: '<': signed/unsigned mismatch
d:\microsoft visual studio\projects\papersky\papersky\src\header\Entity\Prop.hpp(70): warning C4018: '<': signed/unsigned mismatch
d:\microsoft visual studio\projects\papersky\papersky\src\header\Entity\Prop.hpp(74): warning C4018: '<': signed/unsigned mismatch
src\game.cpp(13): warning C4244: 'argument': conversion from 'float' to 'unsigned int', possible loss of data
src\game.cpp(14): warning C4244: 'argument': conversion from 'unsigned int' to 'float', possible loss of data
src\game.cpp(15): warning C4244: 'argument': conversion from 'unsigned int' to 'float', possible loss of data
src\game.cpp(44): warning C4244: 'argument': conversion from 'long double' to 'float', possible loss of data
  Generating code
  1 of 1324 functions ( 0.1%) were compiled, the rest were copied from previous compilation.
    0 functions were new in current compilation
    47 functions had inline decision re-evaluated but remain unchanged
  Finished generating code
  Papersky.vcxproj -> D:\Microsoft Visual Studio\Projects\Papersky\Release\Papersky.exe
  Papersky.vcxproj -> D:\Microsoft Visual Studio\Projects\Papersky\Release\Papersky.pdb (Full PDB)
